ERROR 2022-01-18 22:14:12,698 log 3900 15192 Internal Server Error: /
Traceback (most recent call last):
  File "E:\guopher-blog\venv\lib\site-packages\django\db\backends\utils.py", line 84, in _execute
    return self.cursor.execute(sql, params)
  File "E:\guopher-blog\venv\lib\site-packages\django\db\backends\sqlite3\base.py", line 383, in execute
    return Database.Cursor.execute(self, query, params)
sqlite3.OperationalError: no such column: article_articlepost.body_test

The above exception was the direct cause of the following exception:

Traceback (most recent call last):
  File "E:\guopher-blog\venv\lib\site-packages\django\core\handlers\exception.py", line 34, in inner
    response = get_response(request)
  File "E:\guopher-blog\venv\lib\site-packages\django\core\handlers\base.py", line 115, in _get_response
    response = self.process_exception_by_middleware(e, request)
  File "E:\guopher-blog\venv\lib\site-packages\django\core\handlers\base.py", line 113, in _get_response
    response = wrapped_callback(request, *callback_args, **callback_kwargs)
  File "E:\guopher-blog\article\views.py", line 86, in article_list
    return render(request, 'article/list.html', context)
  File "E:\guopher-blog\venv\lib\site-packages\django\shortcuts.py", line 36, in render
    content = loader.render_to_string(template_name, context, request, using=using)
  File "E:\guopher-blog\venv\lib\site-packages\django\template\loader.py", line 62, in render_to_string
    return template.render(context, request)
  File "E:\guopher-blog\venv\lib\site-packages\django\template\backends\django.py", line 61, in render
    return self.template.render(context)
  File "E:\guopher-blog\venv\lib\site-packages\django\template\base.py", line 171, in render
    return self._render(context)
  File "E:\guopher-blog\venv\lib\site-packages\django\template\base.py", line 163, in _render
    return self.nodelist.render(context)
  File "E:\guopher-blog\venv\lib\site-packages\django\template\base.py", line 937, in render
    bit = node.render_annotated(context)
  File "E:\guopher-blog\venv\lib\site-packages\django\template\base.py", line 904, in render_annotated
    return self.render(context)
  File "E:\guopher-blog\venv\lib\site-packages\django\template\loader_tags.py", line 150, in render
    return compiled_parent._render(context)
  File "E:\guopher-blog\venv\lib\site-packages\django\template\base.py", line 163, in _render
    return self.nodelist.render(context)
  File "E:\guopher-blog\venv\lib\site-packages\django\template\base.py", line 937, in render
    bit = node.render_annotated(context)
  File "E:\guopher-blog\venv\lib\site-packages\django\template\base.py", line 904, in render_annotated
    return self.render(context)
  File "E:\guopher-blog\venv\lib\site-packages\django\template\loader_tags.py", line 62, in render
    result = block.nodelist.render(context)
  File "E:\guopher-blog\venv\lib\site-packages\django\template\base.py", line 937, in render
    bit = node.render_annotated(context)
  File "E:\guopher-blog\venv\lib\site-packages\django\template\base.py", line 904, in render_annotated
    return self.render(context)
  File "E:\guopher-blog\venv\lib\site-packages\django\template\defaulttags.py", line 166, in render
    len_values = len(values)
  File "E:\guopher-blog\venv\lib\site-packages\django\core\paginator.py", line 150, in __len__
    return len(self.object_list)
  File "E:\guopher-blog\venv\lib\site-packages\django\db\models\query.py", line 256, in __len__
    self._fetch_all()
  File "E:\guopher-blog\venv\lib\site-packages\django\db\models\query.py", line 1242, in _fetch_all
    self._result_cache = list(self._iterable_class(self))
  File "E:\guopher-blog\venv\lib\site-packages\django\db\models\query.py", line 55, in __iter__
    results = compiler.execute_sql(chunked_fetch=self.chunked_fetch, chunk_size=self.chunk_size)
  File "E:\guopher-blog\venv\lib\site-packages\django\db\models\sql\compiler.py", line 1140, in execute_sql
    cursor.execute(sql, params)
  File "E:\guopher-blog\venv\lib\site-packages\django\db\backends\utils.py", line 99, in execute
    return super().execute(sql, params)
  File "E:\guopher-blog\venv\lib\site-packages\django\db\backends\utils.py", line 67, in execute
    return self._execute_with_wrappers(sql, params, many=False, executor=self._execute)
  File "E:\guopher-blog\venv\lib\site-packages\django\db\backends\utils.py", line 76, in _execute_with_wrappers
    return executor(sql, params, many, context)
  File "E:\guopher-blog\venv\lib\site-packages\django\db\backends\utils.py", line 84, in _execute
    return self.cursor.execute(sql, params)
  File "E:\guopher-blog\venv\lib\site-packages\django\db\utils.py", line 89, in __exit__
    raise dj_exc_value.with_traceback(traceback) from exc_value
  File "E:\guopher-blog\venv\lib\site-packages\django\db\backends\utils.py", line 84, in _execute
    return self.cursor.execute(sql, params)
  File "E:\guopher-blog\venv\lib\site-packages\django\db\backends\sqlite3\base.py", line 383, in execute
    return Database.Cursor.execute(self, query, params)
django.db.utils.OperationalError: no such column: article_articlepost.body_test
ERROR 2022-01-18 22:14:24,289 log 3900 15192 Internal Server Error: /
Traceback (most recent call last):
  File "E:\guopher-blog\venv\lib\site-packages\django\db\backends\utils.py", line 84, in _execute
    return self.cursor.execute(sql, params)
  File "E:\guopher-blog\venv\lib\site-packages\django\db\backends\sqlite3\base.py", line 383, in execute
    return Database.Cursor.execute(self, query, params)
sqlite3.OperationalError: no such column: article_articlepost.body_test

The above exception was the direct cause of the following exception:

Traceback (most recent call last):
  File "E:\guopher-blog\venv\lib\site-packages\django\core\handlers\exception.py", line 34, in inner
    response = get_response(request)
  File "E:\guopher-blog\venv\lib\site-packages\django\core\handlers\base.py", line 115, in _get_response
    response = self.process_exception_by_middleware(e, request)
  File "E:\guopher-blog\venv\lib\site-packages\django\core\handlers\base.py", line 113, in _get_response
    response = wrapped_callback(request, *callback_args, **callback_kwargs)
  File "E:\guopher-blog\article\views.py", line 86, in article_list
    return render(request, 'article/list.html', context)
  File "E:\guopher-blog\venv\lib\site-packages\django\shortcuts.py", line 36, in render
    content = loader.render_to_string(template_name, context, request, using=using)
  File "E:\guopher-blog\venv\lib\site-packages\django\template\loader.py", line 62, in render_to_string
    return template.render(context, request)
  File "E:\guopher-blog\venv\lib\site-packages\django\template\backends\django.py", line 61, in render
    return self.template.render(context)
  File "E:\guopher-blog\venv\lib\site-packages\django\template\base.py", line 171, in render
    return self._render(context)
  File "E:\guopher-blog\venv\lib\site-packages\django\template\base.py", line 163, in _render
    return self.nodelist.render(context)
  File "E:\guopher-blog\venv\lib\site-packages\django\template\base.py", line 937, in render
    bit = node.render_annotated(context)
  File "E:\guopher-blog\venv\lib\site-packages\django\template\base.py", line 904, in render_annotated
    return self.render(context)
  File "E:\guopher-blog\venv\lib\site-packages\django\template\loader_tags.py", line 150, in render
    return compiled_parent._render(context)
  File "E:\guopher-blog\venv\lib\site-packages\django\template\base.py", line 163, in _render
    return self.nodelist.render(context)
  File "E:\guopher-blog\venv\lib\site-packages\django\template\base.py", line 937, in render
    bit = node.render_annotated(context)
  File "E:\guopher-blog\venv\lib\site-packages\django\template\base.py", line 904, in render_annotated
    return self.render(context)
  File "E:\guopher-blog\venv\lib\site-packages\django\template\loader_tags.py", line 62, in render
    result = block.nodelist.render(context)
  File "E:\guopher-blog\venv\lib\site-packages\django\template\base.py", line 937, in render
    bit = node.render_annotated(context)
  File "E:\guopher-blog\venv\lib\site-packages\django\template\base.py", line 904, in render_annotated
    return self.render(context)
  File "E:\guopher-blog\venv\lib\site-packages\django\template\defaulttags.py", line 166, in render
    len_values = len(values)
  File "E:\guopher-blog\venv\lib\site-packages\django\core\paginator.py", line 150, in __len__
    return len(self.object_list)
  File "E:\guopher-blog\venv\lib\site-packages\django\db\models\query.py", line 256, in __len__
    self._fetch_all()
  File "E:\guopher-blog\venv\lib\site-packages\django\db\models\query.py", line 1242, in _fetch_all
    self._result_cache = list(self._iterable_class(self))
  File "E:\guopher-blog\venv\lib\site-packages\django\db\models\query.py", line 55, in __iter__
    results = compiler.execute_sql(chunked_fetch=self.chunked_fetch, chunk_size=self.chunk_size)
  File "E:\guopher-blog\venv\lib\site-packages\django\db\models\sql\compiler.py", line 1140, in execute_sql
    cursor.execute(sql, params)
  File "E:\guopher-blog\venv\lib\site-packages\django\db\backends\utils.py", line 99, in execute
    return super().execute(sql, params)
  File "E:\guopher-blog\venv\lib\site-packages\django\db\backends\utils.py", line 67, in execute
    return self._execute_with_wrappers(sql, params, many=False, executor=self._execute)
  File "E:\guopher-blog\venv\lib\site-packages\django\db\backends\utils.py", line 76, in _execute_with_wrappers
    return executor(sql, params, many, context)
  File "E:\guopher-blog\venv\lib\site-packages\django\db\backends\utils.py", line 84, in _execute
    return self.cursor.execute(sql, params)
  File "E:\guopher-blog\venv\lib\site-packages\django\db\utils.py", line 89, in __exit__
    raise dj_exc_value.with_traceback(traceback) from exc_value
  File "E:\guopher-blog\venv\lib\site-packages\django\db\backends\utils.py", line 84, in _execute
    return self.cursor.execute(sql, params)
  File "E:\guopher-blog\venv\lib\site-packages\django\db\backends\sqlite3\base.py", line 383, in execute
    return Database.Cursor.execute(self, query, params)
django.db.utils.OperationalError: no such column: article_articlepost.body_test
ERROR 2022-01-18 22:14:26,904 log 3900 15192 Internal Server Error: /
Traceback (most recent call last):
  File "E:\guopher-blog\venv\lib\site-packages\django\db\backends\utils.py", line 84, in _execute
    return self.cursor.execute(sql, params)
  File "E:\guopher-blog\venv\lib\site-packages\django\db\backends\sqlite3\base.py", line 383, in execute
    return Database.Cursor.execute(self, query, params)
sqlite3.OperationalError: no such column: article_articlepost.body_test

The above exception was the direct cause of the following exception:

Traceback (most recent call last):
  File "E:\guopher-blog\venv\lib\site-packages\django\core\handlers\exception.py", line 34, in inner
    response = get_response(request)
  File "E:\guopher-blog\venv\lib\site-packages\django\core\handlers\base.py", line 115, in _get_response
    response = self.process_exception_by_middleware(e, request)
  File "E:\guopher-blog\venv\lib\site-packages\django\core\handlers\base.py", line 113, in _get_response
    response = wrapped_callback(request, *callback_args, **callback_kwargs)
  File "E:\guopher-blog\article\views.py", line 86, in article_list
    return render(request, 'article/list.html', context)
  File "E:\guopher-blog\venv\lib\site-packages\django\shortcuts.py", line 36, in render
    content = loader.render_to_string(template_name, context, request, using=using)
  File "E:\guopher-blog\venv\lib\site-packages\django\template\loader.py", line 62, in render_to_string
    return template.render(context, request)
  File "E:\guopher-blog\venv\lib\site-packages\django\template\backends\django.py", line 61, in render
    return self.template.render(context)
  File "E:\guopher-blog\venv\lib\site-packages\django\template\base.py", line 171, in render
    return self._render(context)
  File "E:\guopher-blog\venv\lib\site-packages\django\template\base.py", line 163, in _render
    return self.nodelist.render(context)
  File "E:\guopher-blog\venv\lib\site-packages\django\template\base.py", line 937, in render
    bit = node.render_annotated(context)
  File "E:\guopher-blog\venv\lib\site-packages\django\template\base.py", line 904, in render_annotated
    return self.render(context)
  File "E:\guopher-blog\venv\lib\site-packages\django\template\loader_tags.py", line 150, in render
    return compiled_parent._render(context)
  File "E:\guopher-blog\venv\lib\site-packages\django\template\base.py", line 163, in _render
    return self.nodelist.render(context)
  File "E:\guopher-blog\venv\lib\site-packages\django\template\base.py", line 937, in render
    bit = node.render_annotated(context)
  File "E:\guopher-blog\venv\lib\site-packages\django\template\base.py", line 904, in render_annotated
    return self.render(context)
  File "E:\guopher-blog\venv\lib\site-packages\django\template\loader_tags.py", line 62, in render
    result = block.nodelist.render(context)
  File "E:\guopher-blog\venv\lib\site-packages\django\template\base.py", line 937, in render
    bit = node.render_annotated(context)
  File "E:\guopher-blog\venv\lib\site-packages\django\template\base.py", line 904, in render_annotated
    return self.render(context)
  File "E:\guopher-blog\venv\lib\site-packages\django\template\defaulttags.py", line 166, in render
    len_values = len(values)
  File "E:\guopher-blog\venv\lib\site-packages\django\core\paginator.py", line 150, in __len__
    return len(self.object_list)
  File "E:\guopher-blog\venv\lib\site-packages\django\db\models\query.py", line 256, in __len__
    self._fetch_all()
  File "E:\guopher-blog\venv\lib\site-packages\django\db\models\query.py", line 1242, in _fetch_all
    self._result_cache = list(self._iterable_class(self))
  File "E:\guopher-blog\venv\lib\site-packages\django\db\models\query.py", line 55, in __iter__
    results = compiler.execute_sql(chunked_fetch=self.chunked_fetch, chunk_size=self.chunk_size)
  File "E:\guopher-blog\venv\lib\site-packages\django\db\models\sql\compiler.py", line 1140, in execute_sql
    cursor.execute(sql, params)
  File "E:\guopher-blog\venv\lib\site-packages\django\db\backends\utils.py", line 99, in execute
    return super().execute(sql, params)
  File "E:\guopher-blog\venv\lib\site-packages\django\db\backends\utils.py", line 67, in execute
    return self._execute_with_wrappers(sql, params, many=False, executor=self._execute)
  File "E:\guopher-blog\venv\lib\site-packages\django\db\backends\utils.py", line 76, in _execute_with_wrappers
    return executor(sql, params, many, context)
  File "E:\guopher-blog\venv\lib\site-packages\django\db\backends\utils.py", line 84, in _execute
    return self.cursor.execute(sql, params)
  File "E:\guopher-blog\venv\lib\site-packages\django\db\utils.py", line 89, in __exit__
    raise dj_exc_value.with_traceback(traceback) from exc_value
  File "E:\guopher-blog\venv\lib\site-packages\django\db\backends\utils.py", line 84, in _execute
    return self.cursor.execute(sql, params)
  File "E:\guopher-blog\venv\lib\site-packages\django\db\backends\sqlite3\base.py", line 383, in execute
    return Database.Cursor.execute(self, query, params)
django.db.utils.OperationalError: no such column: article_articlepost.body_test
ERROR 2022-01-18 22:16:06,685 log 3900 15800 Internal Server Error: /
Traceback (most recent call last):
  File "E:\guopher-blog\venv\lib\site-packages\django\db\backends\utils.py", line 84, in _execute
    return self.cursor.execute(sql, params)
  File "E:\guopher-blog\venv\lib\site-packages\django\db\backends\sqlite3\base.py", line 383, in execute
    return Database.Cursor.execute(self, query, params)
sqlite3.OperationalError: no such column: article_articlepost.body_test

The above exception was the direct cause of the following exception:

Traceback (most recent call last):
  File "E:\guopher-blog\venv\lib\site-packages\django\core\handlers\exception.py", line 34, in inner
    response = get_response(request)
  File "E:\guopher-blog\venv\lib\site-packages\django\core\handlers\base.py", line 115, in _get_response
    response = self.process_exception_by_middleware(e, request)
  File "E:\guopher-blog\venv\lib\site-packages\django\core\handlers\base.py", line 113, in _get_response
    response = wrapped_callback(request, *callback_args, **callback_kwargs)
  File "E:\guopher-blog\article\views.py", line 86, in article_list
    return render(request, 'article/list.html', context)
  File "E:\guopher-blog\venv\lib\site-packages\django\shortcuts.py", line 36, in render
    content = loader.render_to_string(template_name, context, request, using=using)
  File "E:\guopher-blog\venv\lib\site-packages\django\template\loader.py", line 62, in render_to_string
    return template.render(context, request)
  File "E:\guopher-blog\venv\lib\site-packages\django\template\backends\django.py", line 61, in render
    return self.template.render(context)
  File "E:\guopher-blog\venv\lib\site-packages\django\template\base.py", line 171, in render
    return self._render(context)
  File "E:\guopher-blog\venv\lib\site-packages\django\template\base.py", line 163, in _render
    return self.nodelist.render(context)
  File "E:\guopher-blog\venv\lib\site-packages\django\template\base.py", line 937, in render
    bit = node.render_annotated(context)
  File "E:\guopher-blog\venv\lib\site-packages\django\template\base.py", line 904, in render_annotated
    return self.render(context)
  File "E:\guopher-blog\venv\lib\site-packages\django\template\loader_tags.py", line 150, in render
    return compiled_parent._render(context)
  File "E:\guopher-blog\venv\lib\site-packages\django\template\base.py", line 163, in _render
    return self.nodelist.render(context)
  File "E:\guopher-blog\venv\lib\site-packages\django\template\base.py", line 937, in render
    bit = node.render_annotated(context)
  File "E:\guopher-blog\venv\lib\site-packages\django\template\base.py", line 904, in render_annotated
    return self.render(context)
  File "E:\guopher-blog\venv\lib\site-packages\django\template\loader_tags.py", line 62, in render
    result = block.nodelist.render(context)
  File "E:\guopher-blog\venv\lib\site-packages\django\template\base.py", line 937, in render
    bit = node.render_annotated(context)
  File "E:\guopher-blog\venv\lib\site-packages\django\template\base.py", line 904, in render_annotated
    return self.render(context)
  File "E:\guopher-blog\venv\lib\site-packages\django\template\defaulttags.py", line 166, in render
    len_values = len(values)
  File "E:\guopher-blog\venv\lib\site-packages\django\core\paginator.py", line 150, in __len__
    return len(self.object_list)
  File "E:\guopher-blog\venv\lib\site-packages\django\db\models\query.py", line 256, in __len__
    self._fetch_all()
  File "E:\guopher-blog\venv\lib\site-packages\django\db\models\query.py", line 1242, in _fetch_all
    self._result_cache = list(self._iterable_class(self))
  File "E:\guopher-blog\venv\lib\site-packages\django\db\models\query.py", line 55, in __iter__
    results = compiler.execute_sql(chunked_fetch=self.chunked_fetch, chunk_size=self.chunk_size)
  File "E:\guopher-blog\venv\lib\site-packages\django\db\models\sql\compiler.py", line 1140, in execute_sql
    cursor.execute(sql, params)
  File "E:\guopher-blog\venv\lib\site-packages\django\db\backends\utils.py", line 99, in execute
    return super().execute(sql, params)
  File "E:\guopher-blog\venv\lib\site-packages\django\db\backends\utils.py", line 67, in execute
    return self._execute_with_wrappers(sql, params, many=False, executor=self._execute)
  File "E:\guopher-blog\venv\lib\site-packages\django\db\backends\utils.py", line 76, in _execute_with_wrappers
    return executor(sql, params, many, context)
  File "E:\guopher-blog\venv\lib\site-packages\django\db\backends\utils.py", line 84, in _execute
    return self.cursor.execute(sql, params)
  File "E:\guopher-blog\venv\lib\site-packages\django\db\utils.py", line 89, in __exit__
    raise dj_exc_value.with_traceback(traceback) from exc_value
  File "E:\guopher-blog\venv\lib\site-packages\django\db\backends\utils.py", line 84, in _execute
    return self.cursor.execute(sql, params)
  File "E:\guopher-blog\venv\lib\site-packages\django\db\backends\sqlite3\base.py", line 383, in execute
    return Database.Cursor.execute(self, query, params)
django.db.utils.OperationalError: no such column: article_articlepost.body_test
WARNING 2022-01-18 23:11:02,948 log 14912 11688 Not Found: /favicon.ico
ERROR 2022-01-18 23:21:44,731 log 13512 11368 Internal Server Error: /article/article-list/
Traceback (most recent call last):
  File "E:\guopher-blog\venv\lib\site-packages\django\core\handlers\exception.py", line 34, in inner
    response = get_response(request)
  File "E:\guopher-blog\venv\lib\site-packages\django\core\handlers\base.py", line 115, in _get_response
    response = self.process_exception_by_middleware(e, request)
  File "E:\guopher-blog\venv\lib\site-packages\django\core\handlers\base.py", line 113, in _get_response
    response = wrapped_callback(request, *callback_args, **callback_kwargs)
  File "E:\guopher-blog\article\views.py", line 86, in article_list
    return render(request, 'article/list.html', context)
  File "E:\guopher-blog\venv\lib\site-packages\django\shortcuts.py", line 36, in render
    content = loader.render_to_string(template_name, context, request, using=using)
  File "E:\guopher-blog\venv\lib\site-packages\django\template\loader.py", line 61, in render_to_string
    template = get_template(template_name, using=using)
  File "E:\guopher-blog\venv\lib\site-packages\django\template\loader.py", line 15, in get_template
    return engine.get_template(template_name)
  File "E:\guopher-blog\venv\lib\site-packages\django\template\backends\django.py", line 34, in get_template
    return Template(self.engine.get_template(template_name), self)
  File "E:\guopher-blog\venv\lib\site-packages\django\template\engine.py", line 143, in get_template
    template, origin = self.find_template(template_name)
  File "E:\guopher-blog\venv\lib\site-packages\django\template\engine.py", line 125, in find_template
    template = loader.get_template(name, skip=skip)
  File "E:\guopher-blog\venv\lib\site-packages\django\template\loaders\base.py", line 30, in get_template
    contents, origin, origin.template_name, self.engine,
  File "E:\guopher-blog\venv\lib\site-packages\django\template\base.py", line 156, in __init__
    self.nodelist = self.compile_nodelist()
  File "E:\guopher-blog\venv\lib\site-packages\django\template\base.py", line 194, in compile_nodelist
    return parser.parse()
  File "E:\guopher-blog\venv\lib\site-packages\django\template\base.py", line 478, in parse
    raise self.error(token, e)
  File "E:\guopher-blog\venv\lib\site-packages\django\template\base.py", line 476, in parse
    compiled_result = compile_func(self, token)
  File "E:\guopher-blog\venv\lib\site-packages\django\template\loader_tags.py", line 266, in do_extends
    nodelist = parser.parse()
  File "E:\guopher-blog\venv\lib\site-packages\django\template\base.py", line 478, in parse
    raise self.error(token, e)
  File "E:\guopher-blog\venv\lib\site-packages\django\template\base.py", line 476, in parse
    compiled_result = compile_func(self, token)
  File "E:\guopher-blog\venv\lib\site-packages\django\template\loader_tags.py", line 209, in do_block
    nodelist = parser.parse(('endblock',))
  File "E:\guopher-blog\venv\lib\site-packages\django\template\base.py", line 478, in parse
    raise self.error(token, e)
  File "E:\guopher-blog\venv\lib\site-packages\django\template\base.py", line 476, in parse
    compiled_result = compile_func(self, token)
  File "E:\guopher-blog\venv\lib\site-packages\django\template\defaulttags.py", line 811, in do_for
    nodelist_loop = parser.parse(('empty', 'endfor',))
  File "E:\guopher-blog\venv\lib\site-packages\django\template\base.py", line 449, in parse
    raise self.error(token, e)
  File "E:\guopher-blog\venv\lib\site-packages\django\template\base.py", line 447, in parse
    filter_expression = self.compile_filter(token.contents)
  File "E:\guopher-blog\venv\lib\site-packages\django\template\base.py", line 563, in compile_filter
    return FilterExpression(token, self)
  File "E:\guopher-blog\venv\lib\site-packages\django\template\base.py", line 657, in __init__
    filter_func = parser.find_filter(filter_name)
  File "E:\guopher-blog\venv\lib\site-packages\django\template\base.py", line 569, in find_filter
    raise TemplateSyntaxError("Invalid filter: '%s'" % filter_name)
django.template.exceptions.TemplateSyntaxError: Invalid filter: 'removetags'
